Category, Sink ID, Process ID, Thread ID, Time (Ticks), Text
PROCESS_OUTPUT,STREAM_STDIO,37,100179,3339368808561,"W:\Build\J01304423\sys\internal\syscore\app\app_mdbg_event_handler.cpp(268) check
"
PROCESS_OUTPUT,STREAM_STDIO,37,100179,3339368860392,"[Syscore App]TRACE : W:\Build\J01304423\sys\internal\syscore\app\app_syscore_event.cpp 907 setWaitState()
"
PROCESS_OUTPUT,STREAM_STDIO,37,100179,3339368892590,"[Syscore App] Syscore Event Queue Push : SCE_SYSCORE_EVENT_LAUNCH_REQUEST_FROM_DEBUGGER
"
PROCESS_OUTPUT,STREAM_STDIO,37,100179,3339368963858,"[Syscore App]TRACE : W:\Build\J01304423\sys\internal\syscore\app\app_syscore_event.cpp 942 receiveResult()
"
PROCESS_OUTPUT,STREAM_STDIO,37,100145,3339369308876,"[Syscore App] Syscore Event Queue Pop : SCE_SYSCORE_EVENT_LAUNCH_REQUEST_FROM_DEBUGGER
"
PROCESS_OUTPUT,STREAM_STDIO,40,100230,3339384492725,"========= Mapping File configuration =========
"
PROCESS_OUTPUT,STREAM_STDIO,40,100230,3339384773095,"fd:0x000002a6
"
PROCESS_OUTPUT,STREAM_STDIO,40,100230,3339384974556,"line:40
"
PROCESS_OUTPUT,STREAM_STDIO,40,100230,3339385264274,"version:1
"
PROCESS_OUTPUT,STREAM_STDIO,40,100230,3339385471991,"app0:""""
"
PROCESS_OUTPUT,STREAM_STDIO,40,100230,3339385676400,"savedataRoot:""""
"
PROCESS_OUTPUT,STREAM_STDIO,40,100230,3339385877575,"addcontRoot:""""
"
PROCESS_OUTPUT,STREAM_STDIO,40,100230,3339386111213,"otherApps:""""
"
PROCESS_OUTPUT,STREAM_STDIO,40,100230,3339386318078,"otherAppsPatches:""""
"
PROCESS_OUTPUT,STREAM_STDIO,40,100230,3339386534804,"otherAppsSavedata:""""
"
PROCESS_OUTPUT,STREAM_STDIO,40,100230,3339386778277,"otherAppsContents:""""
"
PROCESS_OUTPUT,STREAM_STDIO,40,100230,3339386983794,"overlay1type:3
"
PROCESS_OUTPUT,STREAM_STDIO,40,100230,3339387185761,"overlay1order:0
"
PROCESS_OUTPUT,STREAM_STDIO,40,100230,3339387400398,"overlay1src:""""
"
PROCESS_OUTPUT,STREAM_STDIO,40,100230,3339387611497,"overlay1dst:""""
"
PROCESS_OUTPUT,STREAM_STDIO,40,100230,3339387846910,"overlay2type:3
"
PROCESS_OUTPUT,STREAM_STDIO,40,100230,3339388054177,"overlay2order:0
"
PROCESS_OUTPUT,STREAM_STDIO,40,100230,3339388285039,"overlay2src:""""
"
PROCESS_OUTPUT,STREAM_STDIO,40,100230,3339388555330,"overlay2dst:""""
"
PROCESS_OUTPUT,STREAM_STDIO,40,100230,3339388741331,"overlay3type:3
"
PROCESS_OUTPUT,STREAM_STDIO,40,100230,3339388770344,"overlay3order:0
"
PROCESS_OUTPUT,STREAM_STDIO,40,100230,3339388794759,"overlay3src:""""
"
PROCESS_OUTPUT,STREAM_STDIO,40,100230,3339388817604,"overlay3dst:""""
"
PROCESS_OUTPUT,STREAM_STDIO,40,100230,3339388841020,"overlay4type:3
"
PROCESS_OUTPUT,STREAM_STDIO,40,100230,3339388864541,"overlay4order:0
"
PROCESS_OUTPUT,STREAM_STDIO,40,100230,3339388887007,"overlay4src:""""
"
PROCESS_OUTPUT,STREAM_STDIO,40,100230,3339388910422,"overlay4dst:""""
"
PROCESS_OUTPUT,STREAM_STDIO,40,100230,3339388933851,"overlay5type:3
"
PROCESS_OUTPUT,STREAM_STDIO,40,100230,3339388956384,"overlay5order:0
"
PROCESS_OUTPUT,STREAM_STDIO,40,100230,3339389051211,"overlay5src:""""
"
PROCESS_OUTPUT,STREAM_STDIO,40,100230,3339389088776,"overlay5dst:""""
"
PROCESS_OUTPUT,STREAM_STDIO,40,100230,3339389112359,"overlay6type:3
"
PROCESS_OUTPUT,STREAM_STDIO,40,100230,3339389185806,"overlay6order:0
"
PROCESS_OUTPUT,STREAM_STDIO,40,100230,3339389216421,"overlay6src:""""
"
PROCESS_OUTPUT,STREAM_STDIO,40,100230,3339389451368,"overlay6dst:""""
"
PROCESS_OUTPUT,STREAM_STDIO,40,100230,3339390011062,"overlay7type:3
"
PROCESS_OUTPUT,STREAM_STDIO,40,100230,3339390342661,"overlay7order:0
"
PROCESS_OUTPUT,STREAM_STDIO,40,100230,3339390376579,"overlay7src:""""
"
PROCESS_OUTPUT,STREAM_STDIO,40,100230,3339390400241,"overlay7dst:""""
"
PROCESS_OUTPUT,STREAM_STDIO,40,100230,3339390423299,"overlay8type:3
"
PROCESS_OUTPUT,STREAM_STDIO,40,100230,3339390446351,"overlay8order:0
"
PROCESS_OUTPUT,STREAM_STDIO,40,100230,3339390475245,"overlay8src:""""
"
PROCESS_OUTPUT,STREAM_STDIO,40,100230,3339390497675,"overlay8dst:""""
"
PROCESS_OUTPUT,STREAM_STDIO,40,100230,3339390519713,"==============================================
"
PROCESS_OUTPUT,STREAM_STDIO,40,100230,3339412735099,"[SceLncService] category = {gd}
"
PROCESS_OUTPUT,STREAM_STDIO,40,100230,3339413047475,"[SceLncService] Launch NPXX51362, appType = {SCE_LNC_APP_TYPE_BIG_APP}  [DEBUGGER]
"
PROCESS_OUTPUT,STREAM_STDIO,40,100230,3339413250531,"[SceLncService] Waiting for LoginMgr
"
PROCESS_OUTPUT,STREAM_STDIO,40,100230,3339413482062,"[SceLncService] Num. of logged-in users is 3
"
PROCESS_OUTPUT,STREAM_STDIO,40,101318,3339414554404,"[SceSystemStateMgr] Power Mode Change: FULL_GAME
"
PROCESS_OUTPUT,STREAM_STDIO,40,101318,3339418365542,"[SceSystemStateMgr] CPU  HLT #CU ACLK DCLK ECLK LCLK SCLK SAMCLK VCLK DispCLK NCLK MemCLK DPM VID
"
PROCESS_OUTPUT,STREAM_STDIO,40,101318,3339418422889,"[SceSystemStateMgr] 1600   0  18  800  609  609  800  800    711  711     673 1400   1375   3 00440044
"
PROCESS_OUTPUT,STREAM_STDIO,40,100230,3339537661987,"[BGFT] [3284] GameWillStart(NPXX51362, 3)
"
PROCESS_OUTPUT,STREAM_STDIO,40,100230,3339552210004,"skipped overlay8
"
PROCESS_OUTPUT,STREAM_STDIO,40,100230,3339552298029,"skipped overlay7
"
PROCESS_OUTPUT,STREAM_STDIO,40,100230,3339552328997,"skipped overlay6
"
PROCESS_OUTPUT,STREAM_STDIO,40,100230,3339552407291,"skipped overlay5
"
PROCESS_OUTPUT,STREAM_STDIO,40,100230,3339552433575,"skipped overlay4
"
PROCESS_OUTPUT,STREAM_STDIO,40,100230,3339552456827,"skipped overlay3
"
PROCESS_OUTPUT,STREAM_STDIO,40,100230,3339552480083,"skipped overlay2
"
PROCESS_OUTPUT,STREAM_STDIO,40,100230,3339552503109,"skipped overlay1
"
PROCESS_OUTPUT,STREAM_STDIO,40,100230,3339560405422,"[SceLncService] hasParamSfo = {1}, attribute = {0x00000002}
"
PROCESS_OUTPUT,STREAM_STDIO,37,100143,3339560635742,"[Syscore App] createApp NPXX51362
"
PROCESS_OUTPUT,STREAM_STDIO,37,100143,3339560745247,"[Syscore App]  ExpandCpuSetMode : disable
"
PROCESS_OUTPUT,STREAM_STDIO,37,100143,3339561051917,"[Syscore App] processSpawn(pid, 0xb0c0f08, 0x10f08340, appParam, processParam, 1, 1, 1, param, debug, 0)
"
PROCESS_OUTPUT,STREAM_STDIO,37,100143,3339561088648,"[Syscore App] appParam: appType = 0, rootPath = /mnt/sandbox/DEBUG00004_000, titleId = NPXX51362
"
PROCESS_OUTPUT,STREAM_STDIO,37,100143,3339561112712,"[Syscore App] processParam: elfPath = /host/D:\chaosinitiative\Sticky\Builds\eboot.bin, fullPath = /host/D:\chaosinitiative\Sti"
PROCESS_OUTPUT,STREAM_STDIO,37,100143,3339561135622,"cky\Builds\eboot.bin
"
PROCESS_OUTPUT,STREAM_STDIO,37,100143,3339561416125,"[Syscore App] new pid=0x65[Syscore App] attributeExe= 0
"
PROCESS_OUTPUT,STREAM_STDIO,37,100143,3339564578224,"[Syscore App] Ready to exec
"
PROCESS_OUTPUT,STREAM_STDIO,37,100143,3339564870803,"[Syscore App] wait for NOTE_EXIT|NOTE_EXEC
"
PROCESS_OUTPUT,STREAM_STDIO,51,100553,3339603602661,"[VCS]checkNecessityToReduceCpuUsage() [LNC->VCS] * MEASURE_TIME * isShellUiFgAndGameBgCpuMode flag changed. time = 147627324631"
PROCESS_OUTPUT,STREAM_STDIO,51,100553,3339603687724,"3731.
"
PROCESS_OUTPUT,STREAM_STDIO,51,100553,3339603712161,"[VCS]checkNecessityToReduceCpuUsage() [LNC->VCS] isShellUiFgAndGameBgCpuMode = false. There is necessity to reduce cpu usage.
"
PROCESS_OUTPUT,STREAM_STDIO,46,100353,3339732348488,"[SceShellUI] I/PSM.UI : OnFocusActiveSceneChanged [ContentAreaScene : ContentAreaScene] -> [SplashScreen : SplashScreenScene]"
PROCESS_OUTPUT,STREAM_STDIO,46,100353,3339732476359,"
"
PROCESS_OUTPUT,STREAM_STDIO,46,100353,3339732508649,"[SceShellUI] I/PSM.UI :      Scene [SplashScreen : SplashScreenScene] : Alive"
PROCESS_OUTPUT,STREAM_STDIO,46,100353,3339732532673,"
"
PROCESS_OUTPUT,STREAM_STDIO,46,100353,3339733047609,"SetDeviceIndexBehavior: mode=MergeAllConnectedDevice, param=null"
PROCESS_OUTPUT,STREAM_STDIO,46,100353,3339733083879,"
"
PROCESS_OUTPUT,STREAM_STDIO,46,100353,3339733281841,"[Theme/I] : ActiveUserChanged : From : [RED(userId = 10000001)]"
PROCESS_OUTPUT,STREAM_STDIO,46,100353,3339733313693,"
"
PROCESS_OUTPUT,STREAM_STDIO,46,100353,3339733336823,"[Theme/I] : ActiveUserChanged : To   : [ANONYMOUS(userId = ffffffff)]"
PROCESS_OUTPUT,STREAM_STDIO,46,100353,3339733416392,"
"
PROCESS_OUTPUT,STREAM_STDIO,46,100353,3339734090241,"[Theme/I] : Apply[ANONYMOUS] : [Option:00000028]: without preloaded"
PROCESS_OUTPUT,STREAM_STDIO,46,100353,3339734128912,"
"
PROCESS_OUTPUT,STREAM_STDIO,101,100996,3341178274672,"[SceSysCore] Prologue finished
"
PROCESS_OUTPUT,STREAM_STDIO,101,100996,3341178354209,"[SceSysCore] Calling execve.
"
PROCESS_OUTPUT,STREAM_STDIO,40,100383,3341838152933,"[SceShellCore] Main thread has frozen in sceApplicationSignalShellCoreHeartBeat() for 1 seconds
"
PROCESS_OUTPUT,STREAM_STDIO,37,100139,3342891651720,"[Syscore App] Waiting for lock ""AppmgrStateLock"", Current context=""SpawnApp""
"
PROCESS_OUTPUT,STREAM_STDIO,37,100139,3342892277545,"-------Appmgr Dump------
"
PROCESS_OUTPUT,STREAM_STDIO,37,100139,3342892323971,"m_applicationFocusAppId = 0xb0c0101
"
PROCESS_OUTPUT,STREAM_STDIO,37,100139,3342892350829,"m_controllerFocusAppId = 0xb0c0101
"
PROCESS_OUTPUT,STREAM_STDIO,37,100139,3342892375282,"-------App List Dump Start------
"
PROCESS_OUTPUT,STREAM_STDIO,37,100139,3342892408711,"[appId = 0xb0c0000, titleId = NPXS20000]
"
PROCESS_OUTPUT,STREAM_STDIO,37,100139,3342892431769,"	[pid = 0x28, appLocalPid = 0x10000010, elfPath = ]
"
PROCESS_OUTPUT,STREAM_STDIO,37,100139,3342892454409,"[appId = 0xb0c0101, titleId = NPXS20001]
"
PROCESS_OUTPUT,STREAM_STDIO,37,100139,3342892484117,"	[pid = 0x2e, appLocalPid = 0x10101020, elfPath = /app0/eboot.bin]
"
PROCESS_OUTPUT,STREAM_STDIO,37,100139,3342892510463,"	[pid = 0x2f, appLocalPid = 0x10101031, elfPath = /OuXYTCAdRt/common/lib/MonoCompiler.elf]
"
PROCESS_OUTPUT,STREAM_STDIO,37,100139,3342892534527,"	[pid = 0x62, appLocalPid = 0x10101312, elfPath = /OuXYTCAdRt/common/lib/SecureUIProcess.self]
"
PROCESS_OUTPUT,STREAM_STDIO,37,100139,3342892627696,"	[pid = 0x63, appLocalPid = 0x10101323, elfPath = /OuXYTCAdRt/common/lib/SecureWebProcess.self]
"
PROCESS_OUTPUT,STREAM_STDIO,37,100139,3342892657797,"	[pid = 0x64, appLocalPid = 0x10101334, elfPath = /OuXYTCAdRt/common/lib/orbis-jsc-compiler.self]
"
PROCESS_OUTPUT,STREAM_STDIO,37,100139,3342892730288,"[appId = 0xb0c0202, titleId = NPXS21003]
"
PROCESS_OUTPUT,STREAM_STDIO,37,100139,3342892807293,"	[pid = 0x30, appLocalPid = 0x10202040, elfPath = /app0/eboot.bin]
"
PROCESS_OUTPUT,STREAM_STDIO,37,100139,3342892966163,"[appId = 0xb0c0303, titleId = NPXS21000]
"
PROCESS_OUTPUT,STREAM_STDIO,37,100139,3342893094022,"	[pid = 0x31, appLocalPid = 0x10303050, elfPath = /app0/eboot.bin]
"
PROCESS_OUTPUT,STREAM_STDIO,37,100139,3342893125921,"[appId = 0xb0c0404, titleId = NPXS21002]
"
PROCESS_OUTPUT,STREAM_STDIO,37,100139,3342893235439,"	[pid = 0x32, appLocalPid = 0x10404060, elfPath = /app0/eboot.bin]
"
PROCESS_OUTPUT,STREAM_STDIO,37,100139,3342893344337,"[appId = 0xb0c0505, titleId = NPXS21004]
"
PROCESS_OUTPUT,STREAM_STDIO,37,100139,3342893457969,"	[pid = 0x33, appLocalPid = 0x10505070, elfPath = /app0/eboot.bin]
"
PROCESS_OUTPUT,STREAM_STDIO,37,100139,3342893568968,"[appId = 0xb0c0606, titleId = NPXS21006]
"
PROCESS_OUTPUT,STREAM_STDIO,37,100139,3342893722447,"	[pid = 0x34, appLocalPid = 0x10606080, elfPath = /app0/eboot.bin]
"
PROCESS_OUTPUT,STREAM_STDIO,37,100139,3342893755739,"[appId = 0xb0c0707, titleId = NPXS21019]
"
PROCESS_OUTPUT,STREAM_STDIO,37,100139,3342893779094,"	[pid = 0x35, appLocalPid = 0x10707090, elfPath = /app0/eboot.bin]
"
PROCESS_OUTPUT,STREAM_STDIO,37,100139,3342893851187,"-------App List Dump End------
"
PROCESS_OUTPUT,STREAM_STDIO,37,100139,3342893925813,"-------Syscore Event Dump Start------
"
PROCESS_OUTPUT,STREAM_STDIO,37,100139,3342894065083,"-------Syscore Event Dump End------
"
PROCESS_OUTPUT,STREAM_STDIO,40,100383,3343433399200,"[SceShellCore] Main thread has frozen in sceApplicationSignalShellCoreHeartBeat() for 2 seconds
"
PROCESS_OUTPUT,STREAM_STDIO,37,100143,3344393276490,"[Syscore App] Add event : pid=0x65
"
PROCESS_OUTPUT,STREAM_STDIO,37,100143,3344394175142,"[AppMgr Trace]: New Process, pid=0x65, created.
"
PROCESS_OUTPUT,STREAM_STDIO,37,100143,3344395470160,"[AppMgr Trace]: New App, appId=0xb0c0f08, created
"
PROCESS_OUTPUT,STREAM_STDIO,40,101320,3344401239757,"Error: W:\Build\J01304449\vsh\shell\shell_core\app_installer\app_installer.cpp at 6821
"
PROCESS_OUTPUT,STREAM_STDIO,40,101320,3344401297882,"hdb.GetAppInfo() ret = 80f50005
"
PROCESS_OUTPUT,STREAM_STDIO,40,101320,3344401593751,"[ScreenShotServer]: UpdateAppInfo 662 SCE_LNC_EVENT_APP_LAUNCH_END appId=0x0b0c0f08, context=0, free=880a97d08
"
PROCESS_OUTPUT,STREAM_STDIO,37,100144,3344403145491,"[Syscore App]TRACE : W:\Build\J01304423\sys\internal\syscore\app\app_syscore_event.cpp 994 setResult()
"
PROCESS_OUTPUT,STREAM_STDIO,49,100504,3344444574679,"00:34:38.069326 gls_sns_proxy_factory.cpp                Create                          [0x18898](  54) I: FakeProxy type loca"
PROCESS_OUTPUT,STREAM_STDIO,49,100504,3344444609684,"l Created
"
PROCESS_OUTPUT,STREAM_STDIO,40,100149,3344760179507,"[SceShellCore] Libc Heap Status: free 62%, in-use 1939.0 KB, trend +36.5 KB/min, peak 1992.6 KB, when 2086 [sec]
"
PROCESS_OUTPUT,STREAM_STDIO,40,101325,3344760816024,"[ScreenShotServer]: UpdateAppInfo 637 SCE_LNC_EVENT_APP_FOCUS_END appId=0x0b0c0f08
"
PROCESS_OUTPUT,STREAM_STDIO,51,100552,3344764822856,"[VCS]changePriority() [VCS->VDEC] sceGpDecChangePriority() appId = 0xb0c0f08. priority = 1.(0:low, 1:high).
"
PROCESS_OUTPUT,STREAM_STDIO,51,100552,3344764901644,"[VCS]checkFocusStatus() [LNC->VCS] Focus Change. appType = 5(1:SHELL_UI, 4:MINI_APP, 5:BIG_APP). appId = 0xb0c0f08.
"
KERNEL_OUTPUT,STREAM_KERNEL0,0,0,3345085927967," +++ num clients 2
"
PROCESS_OUTPUT,STREAM_STDIO,101,100996,3345425503138,"[MONO_DLL] start
"
PROCESS_OUTPUT,STREAM_STDIO,101,100996,3348141478470,"getenv result:0
"
PROCESS_OUTPUT,STREAM_STDIO,101,100996,3348141541654,"getenv result:0
"
PROCESS_OUTPUT,STREAM_STDIO,101,100996,3348144542184,"getenv result:0
"
PROCESS_OUTPUT,STREAM_STDIO,101,100996,3348144590968,"getenv result:0
"
PROCESS_OUTPUT,STREAM_STDIO,101,100996,3348144837350,"getenv result:0
"
PROCESS_OUTPUT,STREAM_STDIO,37,100126,3348631549350,"[mbus] onNewClient. clientNum 8 over 8
"
PROCESS_OUTPUT,STREAM_STDIO,40,100236,3348639962060,"[SceLncService] launchApp() titleId = {NPXS22010}
"
PROCESS_OUTPUT,STREAM_STDIO,40,100236,3348640405495,"[SceLncService] category = {gdg}
"
PROCESS_OUTPUT,STREAM_STDIO,40,100236,3348640440699,"[SceLncService] Launch NPXS22010, appType = {SCE_LNC_APP_TYPE_CDLG}  []
"
PROCESS_OUTPUT,STREAM_STDIO,40,100236,3348640466587,"[SceLncService] Num. of logged-in users is 3
"
PROCESS_OUTPUT,STREAM_STDIO,40,100236,3348669565088,"[SceLncService] hasParamSfo = {1}, attribute = {0x00000000}
"
PROCESS_OUTPUT,STREAM_STDIO,37,100144,3348670106070,"[Syscore App] createApp NPXS22010
"
PROCESS_OUTPUT,STREAM_STDIO,37,100144,3348670464160,"[Syscore App] processSpawn(pid, 0xb0c1009, 0x11009350, appParam, processParam, 0, 0, 1, param, debug, 0)
"
PROCESS_OUTPUT,STREAM_STDIO,37,100144,3348670661526,"[Syscore App] appParam: appType = 0x4, rootPath = /mnt/sandbox/NPXS22010_000, titleId = NPXS22010
"
PROCESS_OUTPUT,STREAM_STDIO,37,100144,3348670903902,"[Syscore App] processParam: elfPath = /app0/eboot.bin, fullPath = /system/vsh/app/NPXS22010/eboot.bin
"
PROCESS_OUTPUT,STREAM_STDIO,37,100144,3348671596912,"[Syscore App] new pid=0x66[Syscore App] attributeExe= 0
"
PROCESS_OUTPUT,STREAM_STDIO,37,100144,3348672661288,"[Syscore App] Ready to exec
"
PROCESS_OUTPUT,STREAM_STDIO,37,100144,3348672735166,"[Syscore App] wait for NOTE_EXIT|NOTE_EXEC
"
PROCESS_OUTPUT,STREAM_STDIO,102,101032,3348675523992,"[SceSysCore] Prologue finished
"
PROCESS_OUTPUT,STREAM_STDIO,102,101032,3348675783236,"[SceSysCore] Calling execve.
"
PROCESS_OUTPUT,STREAM_STDIO,37,100144,3348706048298,"[Syscore App] Add event : pid=0x66
"
PROCESS_OUTPUT,STREAM_STDIO,37,100144,3348706431082,"[AppMgr Trace]: New Process, pid=0x66, created.
"
PROCESS_OUTPUT,STREAM_STDIO,37,100144,3348706570669,"[AppMgr Trace]: New App, appId=0xb0c1009, created
"
PROCESS_OUTPUT,STREAM_STDIO,40,101344,3348708980396,"Error: W:\Build\J01304449\vsh\shell\shell_core\app_installer\app_installer.cpp at 6821
"
PROCESS_OUTPUT,STREAM_STDIO,40,101344,3348709048867,"hdb.GetAppInfo() ret = 80f50005
"
PROCESS_OUTPUT,STREAM_STDIO,40,101344,3348709075066,"[ScreenShotServer]: UpdateAppInfo 662 SCE_LNC_EVENT_APP_LAUNCH_END appId=0x0b0c1009, context=0, free=880a97de8
"
KERNEL_OUTPUT,STREAM_KERNEL0,0,0,3348910928968,"<118>* [AvSetting update:323] **no need to change**
"
PROCESS_OUTPUT,STREAM_STDIO,102,101032,3349282766908,"#### ProfileCacheClient : m_heap->GetFreeSize() = 14944 
"
PROCESS_OUTPUT,STREAM_STDIO,102,101032,3349282814398,"#### ProfileCacheClient : config.estimateClientMemorySize() = 4096 
"
PROCESS_OUTPUT,STREAM_STDIO,46,100450,3349284392399,"#PROFILE CACHE#: \profile_cache_server_event.cpp(37) : onNewClient : 
"
PROCESS_OUTPUT,STREAM_STDIO,102,101032,3349284781710,"#### ProfileCacheClient::Initialize() end. 
"
PROCESS_OUTPUT,STREAM_STDIO,102,101032,3349292814648,"[PSM] PsmFramework::Initialize
"
PROCESS_OUTPUT,STREAM_STDIO,102,101032,3349292975521,"PSM:25685
"
PROCESS_OUTPUT,STREAM_STDIO,102,101032,3349293053598,"MonoVM:ef3ddb5d399e20f497c1fa5b68cebb1e16c0c462
"
PROCESS_OUTPUT,STREAM_STDIO,102,101032,3349293200769,"PSS Platform:d87aa05aa0ea30bec550ba6d0a4545e3b5302eee
"
PROCESS_OUTPUT,STREAM_STDIO,102,101032,3349293230617,"Piglet:75eecd3f71a67590fde1c383849b4a8dc9e4e370
"
PROCESS_OUTPUT,STREAM_STDIO,102,101032,3349293254275,"BootParam :1   
"
PROCESS_OUTPUT,STREAM_STDIO,102,101032,3349293463847,"[PSM] set assembly path for mono
"
PROCESS_OUTPUT,STREAM_STDIO,102,101032,3349293775589,"[PSM] Loading Json
"
PROCESS_OUTPUT,STREAM_STDIO,102,101032,3349313150325,"[PSM] Loading Mono
"
PROCESS_OUTPUT,STREAM_STDIO,102,101032,3349315075528,"[PSM] jit_area_size       = 0x00900000 (9437184)
"
PROCESS_OUTPUT,STREAM_STDIO,102,101032,3349315301892,"[PSM] metadata_area_size  = 0x04000000 (67108864)
"
PROCESS_OUTPUT,STREAM_STDIO,102,101032,3349318502282,"[PSM] vm_comm_area_size   = 0x00004000 (16384)
"
PROCESS_OUTPUT,STREAM_STDIO,102,101032,3349318564544,"[PSM] comp_comm_area_size = 0x00004000 (16384)
"
PROCESS_OUTPUT,STREAM_STDIO,102,101032,3349374964842,"Loading PSM AOT PRX:/ffAKiz6W2f/common/lib/libScePsm_aot.sprx
"
PROCESS_OUTPUT,STREAM_STDIO,102,101032,3349400023096,"Loading UI2 AOT PRX:/ffAKiz6W2f/common/lib/libSceVshCommon_aot.sprx
"
PROCESS_OUTPUT,STREAM_STDIO,102,101032,3349432987980,"Loading APP AOT PRX:/app0/libSceCdlg_aot.sprx
"
PROCESS_OUTPUT,STREAM_STDIO,102,101032,3349527672281,"VM: sockets[VM_SOCKET] = 58
"
PROCESS_OUTPUT,STREAM_STDIO,102,101032,3349531068199,"VM: sockets[COMP_SOCKET] = 57
"
PROCESS_OUTPUT,STREAM_STDIO,102,101032,3349531246448,"VM: before starting compiler
"
PROCESS_OUTPUT,STREAM_STDIO,102,101032,3349531367444,"SystemService prx detected, using sceSystemServiceAddLocalProcess to spawn compiler
"
PROCESS_OUTPUT,STREAM_STDIO,37,100137,3349613068962,"[Syscore App] Start sceApplicationAddProcess /ffAKiz6W2f/common/lib/MonoCompiler.elf
"
PROCESS_OUTPUT,STREAM_STDIO,37,100137,3349613353124,"[Syscore App] calling add process
"
PROCESS_OUTPUT,STREAM_STDIO,37,100137,3349613626374,"[Syscore App] processSpawn(pid, 0xb0c1009, 0x11009361, appParam, processParam, 0, 0, 0, param, debug, 0)
"
PROCESS_OUTPUT,STREAM_STDIO,37,100137,3349614038350,"[Syscore App] appParam: appType = 0x4, rootPath = /mnt/sandbox/NPXS22010_000, titleId = NPXS22010
"
PROCESS_OUTPUT,STREAM_STDIO,37,100137,3349614268424,"[Syscore App] processParam: elfPath = /ffAKiz6W2f/common/lib/MonoCompiler.elf, fullPath = /system/common/lib/MonoCompiler.elf
"
PROCESS_OUTPUT,STREAM_STDIO,37,100137,3349614765276,"[Syscore App] new pid=0x67[Syscore App] attributeExe= 0
"
PROCESS_OUTPUT,STREAM_STDIO,37,100137,3349615732133,"[Syscore App] Ready to exec
"
PROCESS_OUTPUT,STREAM_STDIO,37,100137,3349615930977,"[Syscore App] wait for NOTE_EXIT|NOTE_EXEC
"
PROCESS_OUTPUT,STREAM_STDIO,103,101184,3349620677992,"[SceSysCore] Prologue finished
"
PROCESS_OUTPUT,STREAM_STDIO,103,101184,3349621200412,"[SceSysCore] Calling execve.
"
PROCESS_OUTPUT,STREAM_STDIO,37,100137,3349624878139,"[Syscore App] Add event : pid=0x67
"
PROCESS_OUTPUT,STREAM_STDIO,37,100137,3349625341291,"[AppMgr Trace]: New Process, pid=0x67, created.
"
PROCESS_OUTPUT,STREAM_STDIO,102,101032,3349769183187,"  + compiler_local_pid = 11009361
"
PROCESS_OUTPUT,STREAM_STDIO,102,101032,3349770248781,"[PSM] LoadModulesInBG 0 msec
"
PROCESS_OUTPUT,STREAM_STDIO,102,101362,3349770287881,"[PSM] Loading SysCore
"
PROCESS_OUTPUT,STREAM_STDIO,102,101362,3349786356590,"[PSM] Loading libSceDipsw
"
PROCESS_OUTPUT,STREAM_STDIO,102,101362,3349786409684,"[PSM] Loading Piglet
"
PROCESS_OUTPUT,STREAM_STDIO,102,101362,3349806537236,"[PSM] Loading SystemService
"
PROCESS_OUTPUT,STREAM_STDIO,102,101362,3349806835670,"[PSM] Loading AudioOut
"
PROCESS_OUTPUT,STREAM_STDIO,102,101362,3349807027062,"[PSM] Loading Camera
"
PROCESS_OUTPUT,STREAM_STDIO,102,101362,3349822164205,"[PSM] Loading VideoCoreServerInterface
"
PROCESS_OUTPUT,STREAM_STDIO,102,101362,3349836009983,"[PSM] Loading Audiodec
"
PROCESS_OUTPUT,STREAM_STDIO,51,100554,3349837675590,"[VCS]onNewClient() [APP->VCS] clientPid = 0x66, session = 0x200be3de0, applicationId = 0xb0c1009.
"
PROCESS_OUTPUT,STREAM_STDIO,102,101362,3349865484281,"[PSM] Loading WebKit
"
PROCESS_OUTPUT,STREAM_STDIO,102,101032,3349946948861,"PigletAllocatorInitialize system(addr=1310e00000, size=4194304) video=(addr=1383600000, size=41943040)
"
PROCESS_OUTPUT,STREAM_STDIO,102,101032,3349948224478,"PigletAllocatorTerminate
"
PROCESS_OUTPUT,STREAM_STDIO,102,101032,3349959875735,"[PSM] scePssGraphicsInitialize() 107 msec. elapsed
"
PROCESS_OUTPUT,STREAM_STDIO,102,101032,3349960450102,"mount ---
"
PROCESS_OUTPUT,STREAM_STDIO,102,101032,3349961368227,"Failed to create filesystem from /app0/psm/Temp
"
PROCESS_OUTPUT,STREAM_STDIO,102,101032,3349961629012,"Failed to create filesystem from /app0/psm/Documents
"
PROCESS_OUTPUT,STREAM_STDIO,102,101032,3349961918532,"Failed to create filesystem from /app0/psm/System
"
PROCESS_OUTPUT,STREAM_STDIO,102,101032,3349962268476,"MONO_LOG_LEVEL=error
"
PROCESS_OUTPUT,STREAM_STDIO,102,101032,3350194713009,"compiler was started with SystemService.prx, closing socket 57
"
PROCESS_OUTPUT,STREAM_STDIO,102,101032,3350207291463,"Failed to create filesystem from /hostapp/dll
"
PROCESS_OUTPUT,STREAM_STDIO,102,101032,3350208819764,"[VM] Initializing GC with POSIX thread support
"
PROCESS_OUTPUT,STREAM_STDIO,102,101032,3350213080118,"Load platform assembly /ffAKiz6W2f/common/lib/mscorlib.sdll
"
PROCESS_OUTPUT,STREAM_STDIO,102,101032,3350336800179,"[PSM] Allocated 12582912 bytes for Resource Heap
"
PROCESS_OUTPUT,STREAM_STDIO,37,100126,3350343515488,"[mbus] onNewClient. clientNum 9 over 8
"
PROCESS_OUTPUT,STREAM_STDIO,102,101032,3350346911161,"[AudioOut] sceAudioOutOpen() with restricted flag
"
PROCESS_OUTPUT,STREAM_STDIO,102,101032,3350348829417,"[AudioOut] sceAudioOutOpen() with restricted flag
"
PROCESS_OUTPUT,STREAM_STDIO,102,101373,3350359126906,"ScePsP[TID:0x18bfd]: Open Pad [0x000000000003030d, 0, 0]: ret=0x03380600
"
PROCESS_OUTPUT,STREAM_STDIO,102,101373,3350359853340,"ScePsP[TID:0x18bfd]: Open Pad [0x000000000004030c, 0, 0]: ret=0x03390601
"
PROCESS_OUTPUT,STREAM_STDIO,102,101373,3350360394748,"ScePsP[TID:0x18bfd]: Open Pad [0x000000000005030b, 0, 0]: ret=0x033a0602
"
PROCESS_OUTPUT,STREAM_STDIO,102,101373,3350360918714,"ScePsP[TID:0x18bfd]: Open Pad [0x000000000002030e, 16, 0]: ret=0x033b0603
"
PROCESS_OUTPUT,STREAM_STDIO,102,101373,3350361844026,"ScePsP[TID:0x18bfd]: ConnectedDeviceStatus: count=4
"
PROCESS_OUTPUT,STREAM_STDIO,102,101373,3350361876612,"  [c][DeviceId          ][UserId    ][Model     ]
"
PROCESS_OUTPUT,STREAM_STDIO,102,101373,3350362210698,"  [o][0x000000000003030d][0x10000000][DUALSHOCK4]
"
PROCESS_OUTPUT,STREAM_STDIO,102,101373,3350362444552,"  [o][0x000000000004030c][0x10000001][DUALSHOCK4]
"
PROCESS_OUTPUT,STREAM_STDIO,102,101373,3350362786214,"  [o][0x000000000005030b][0x20000008][DUALSHOCK4]
"
PROCESS_OUTPUT,STREAM_STDIO,102,101373,3350364271474,"  [ ][0xffffffffffffffff][0xffffffff][none      ]
"
PROCESS_OUTPUT,STREAM_STDIO,102,101032,3350412341051,"Load platform assembly /ffAKiz6W2f/common/lib/Sce.PlayStation.Core.sdll
"
PROCESS_OUTPUT,STREAM_STDIO,102,101032,3350426066483,"[PSM] PsmFramework::Initailize() 708 msec. elapsed
"
PROCESS_OUTPUT,STREAM_STDIO,102,101032,3350440137753,"Load non-platform assembly /app0/psm/Application/app.sexe
"
PROCESS_OUTPUT,STREAM_STDIO,102,101032,3350469375291,"Load platform assembly /app0/psm/Application/Sce.Vsh.Lx.sdll
"
PROCESS_OUTPUT,STREAM_STDIO,102,101032,3350480960103,"Load platform assembly /ffAKiz6W2f/common/lib/System.Json.sdll
"
PROCESS_OUTPUT,STREAM_STDIO,102,101032,3350489041836,"Load platform assembly /ffAKiz6W2f/common/lib/System.sdll
"
PROCESS_OUTPUT,STREAM_STDIO,102,101032,3350518088865,"Load platform assembly /ffAKiz6W2f/common/lib/System.ServiceModel.Web.sdll
"
PROCESS_OUTPUT,STREAM_STDIO,102,101032,3350523949116,"Load platform assembly /ffAKiz6W2f/common/lib/System.ServiceModel.sdll
"
PROCESS_OUTPUT,STREAM_STDIO,102,101032,3350542629055,"Load platform assembly /ffAKiz6W2f/common/lib/System.Xml.sdll
"
PROCESS_OUTPUT,STREAM_STDIO,102,101032,3350572142282,"Load platform assembly /ffAKiz6W2f/common/lib/System.Core.sdll
"
PROCESS_OUTPUT,STREAM_STDIO,102,101032,3350586644831,"Load platform assembly /ffAKiz6W2f/common/lib/System.Runtime.Serialization.sdll
"
PROCESS_OUTPUT,STREAM_STDIO,102,101032,3350606349088,"Load platform assembly /ffAKiz6W2f/common/lib/Sce.PlayStation.HighLevel.UI2.sdll
"
PROCESS_OUTPUT,STREAM_STDIO,102,101032,3350654691891,"Load platform assembly /ffAKiz6W2f/common/lib/Sce.PlayStation.Ime.sdll
"
PROCESS_OUTPUT,STREAM_STDIO,102,101032,3350663037755,"Load platform assembly /ffAKiz6W2f/common/lib/Sce.PlayStation.Orbis.sdll
"
PROCESS_OUTPUT,STREAM_STDIO,102,101032,3350677674286,"Load platform assembly /ffAKiz6W2f/common/lib/Sce.PlayStation.Orbis.Speech.sdll
"
PROCESS_OUTPUT,STREAM_STDIO,102,101032,3350684396955,"Load platform assembly /app0/psm/Application/Sce.Vsh.Accessor.Db.sdll
"
PROCESS_OUTPUT,STREAM_STDIO,102,101032,3350697585698,"Load platform assembly /ffAKiz6W2f/common/lib/Sce.Vsh.SQLite.sdll
"
PROCESS_OUTPUT,STREAM_STDIO,102,101032,3350709087641,"Load platform assembly /app0/psm/Application/Sce.Vsh.DbRecoveryUtilityWrapper.sdll
"
PROCESS_OUTPUT,STREAM_STDIO,102,101032,3350715425591,"Load platform assembly /ffAKiz6W2f/common/lib/Sce.Vsh.Db.Shared.sdll
"
PROCESS_OUTPUT,STREAM_STDIO,102,101032,3350727329679,"Load platform assembly /app0/psm/Application/Sce.Vsh.Accessor.sdll
"
PROCESS_OUTPUT,STREAM_STDIO,102,101032,3350733933299,"Load platform assembly /app0/psm/Application/Sce.Vsh.Accessor.Db.Notify.sdll
"
PROCESS_OUTPUT,STREAM_STDIO,102,101032,3350740136928,"Load platform assembly /ffAKiz6W2f/common/lib/Sce.Vsh.AppDbWrapper.sdll
"
PROCESS_OUTPUT,STREAM_STDIO,102,101032,3350744975448,"Load platform assembly /ffAKiz6W2f/common/lib/Sce.Vsh.Orbis.AbstractStorage.sdll
"
PROCESS_OUTPUT,STREAM_STDIO,102,101032,3350757180129,"Load platform assembly /ffAKiz6W2f/common/lib/Sce.Vsh.UserServiceWrapper.sdll
"
PROCESS_OUTPUT,STREAM_STDIO,102,101032,3350763971823,"Load platform assembly /app0/psm/Application/Sce.Vsh.MimeType.sdll
"
PROCESS_OUTPUT,STREAM_STDIO,102,101032,3350770681802,"Load platform assembly /ffAKiz6W2f/common/lib/Sce.Vsh.Np.Common.sdll
"
PROCESS_OUTPUT,STREAM_STDIO,102,101032,3350787783827,"Load platform assembly /app0/psm/Application/Sce.Vsh.Np.Manager.sdll
"
PROCESS_OUTPUT,STREAM_STDIO,102,101032,3350795089221,"Load platform assembly /ffAKiz6W2f/common/lib/Sce.Vsh.KernelSysWrapper.sdll
"
PROCESS_OUTPUT,STREAM_STDIO,102,101032,3350801323359,"Load platform assembly /app0/psm/Application/Sce.Vsh.SystemLoggerWrapper.sdll
"
PROCESS_OUTPUT,STREAM_STDIO,102,101032,3350813198420,"Load platform assembly /ffAKiz6W2f/common/lib/Sce.Vsh.sdll
"
PROCESS_OUTPUT,STREAM_STDIO,102,101032,3350844236572,"Load platform assembly /ffAKiz6W2f/common/lib/Sce.Vsh.Registry.sdll
"
PROCESS_OUTPUT,STREAM_STDIO,102,101032,3350857676342,"Load platform assembly /app0/psm/Application/Sce.Vsh.Friend.sdll
"
PROCESS_OUTPUT,STREAM_STDIO,102,101032,3350886745739,"Load platform assembly /ffAKiz6W2f/common/lib/Sce.Vsh.Messages.DbAccessLib.sdll
"
PROCESS_OUTPUT,STREAM_STDIO,102,101032,3350899536731,"Load platform assembly /app0/psm/Application/Sce.Vsh.Np.Webapi.sdll
"
PROCESS_OUTPUT,STREAM_STDIO,102,101032,3350905582317,"Load platform assembly /ffAKiz6W2f/common/lib/Sce.Vsh.PsnUtil.sdll
"
PROCESS_OUTPUT,STREAM_STDIO,102,101032,3350931166077,"Load platform assembly /ffAKiz6W2f/common/lib/Sce.Vsh.ProfileCache.sdll
"
PROCESS_OUTPUT,STREAM_STDIO,102,101032,3350941354927,"Load platform assembly /ffAKiz6W2f/common/lib/Sce.Vsh.Np.Trophy.sdll
"
PROCESS_OUTPUT,STREAM_STDIO,102,101032,3350947181138,"Load platform assembly /ffAKiz6W2f/common/lib/Sce.Vsh.PartyCommon.sdll
"
PROCESS_OUTPUT,STREAM_STDIO,102,101032,3350953346676,"Load platform assembly /app0/psm/Application/Sce.Vsh.SysUtilWrapper.sdll
"
PROCESS_OUTPUT,STREAM_STDIO,102,101032,3350959810280,"Load platform assembly /app0/psm/Application/Sce.Vsh.JsExtension.sdll
"
PROCESS_OUTPUT,STREAM_STDIO,102,101032,3350977751531,"Load platform assembly /ffAKiz6W2f/common/lib/Sce.Vsh.Orbis.Bgft.sdll
"
PROCESS_OUTPUT,STREAM_STDIO,102,101032,3350993018551,"Load platform assembly /app0/psm/Application/Sce.Vsh.WebViewDialog.sdll
"
PROCESS_OUTPUT,STREAM_STDIO,102,101032,3351001867238,"Load platform assembly /app0/psm/Application/Sce.Cdlg.Platform.sdll
"
PROCESS_OUTPUT,STREAM_STDIO,102,101032,3351011074038,"Load platform assembly /app0/psm/Application/Sce.Vsh.Np.Sns.sdll
"
PROCESS_OUTPUT,STREAM_STDIO,102,101032,3351023614427,"Load platform assembly /ffAKiz6W2f/common/lib/Sce.Vsh.PsnMessageUtil.sdll
"
PROCESS_OUTPUT,STREAM_STDIO,102,101032,3351031463366,"Load platform assembly /ffAKiz6W2f/common/lib/Sce.Vsh.UsbStorageScene.sdll
"
PROCESS_OUTPUT,STREAM_STDIO,102,101032,3351037163072,"Load platform assembly /ffAKiz6W2f/common/lib/Sce.Vsh.AutoMounterWrapper.sdll
"
PROCESS_OUTPUT,STREAM_STDIO,102,101032,3351045672979,"Load platform assembly /app0/psm/Application/Sce.Vsh.ErrorDialogUtilWrapper.sdll
"
PROCESS_OUTPUT,STREAM_STDIO,102,101032,3351052907296,"Load platform assembly /app0/psm/Application/Sce.Vsh.Np.Tmdb.sdll
"
PROCESS_OUTPUT,STREAM_STDIO,102,101032,3351062438178,"Load platform assembly /app0/psm/Application/Sce.Vsh.ShellCoreUtilWrapper.sdll
"
PROCESS_OUTPUT,STREAM_STDIO,102,101032,3351073964476,"Load platform assembly /ffAKiz6W2f/common/lib/Sce.Vsh.SyscallWrapper.sdll
"
PROCESS_OUTPUT,STREAM_STDIO,102,101032,3351345572348,"[SceCdlgApp] I/PSM.UI : UI RenderingSettings Resolution: Pixels2K[1920,1080]"
PROCESS_OUTPUT,STREAM_STDIO,102,101032,3351347265746,"
"
PROCESS_OUTPUT,STREAM_STDIO,102,101032,3351905004337,"[SceCdlgApp] W/PSM.UI : **** WARNING: Shown called without Alive status : TransitionScene"
PROCESS_OUTPUT,STREAM_STDIO,102,101032,3351905056119,"
"
PROCESS_OUTPUT,STREAM_STDIO,102,101032,3351907451022,"[SceCdlgApp] W/PSM.UI : ** NOTICE: LoadSync : TransitionScene : TransitionScene"
PROCESS_OUTPUT,STREAM_STDIO,102,101032,3351907488066,"
"
PROCESS_OUTPUT,STREAM_STDIO,102,101032,3351944993187,"[SceCdlgApp] W/PSM.UI : ** NOTICE: LoadSync : BlankScene : Scene"
PROCESS_OUTPUT,STREAM_STDIO,102,101032,3351945043831,"
"
PROCESS_OUTPUT,STREAM_STDIO,102,101032,3351960673845,"[SceCdlgApp] I/PSM.UI : UI RenderingSettings Resolution: Pixels2K[1920,1080]"
PROCESS_OUTPUT,STREAM_STDIO,102,101032,3351961123124,"
"
PROCESS_OUTPUT,STREAM_STDIO,102,101032,3351971358811,"PigletAllocatorInitialize system(addr=1310e00000, size=4194304) video=(addr=1383600000, size=41943040)
"
PROCESS_OUTPUT,STREAM_STDIO,102,101032,3351980205932,"Sony Computer Entertainment Inc.
"
PROCESS_OUTPUT,STREAM_STDIO,102,101032,3351980253334,"Piglet
"
PROCESS_OUTPUT,STREAM_STDIO,102,101032,3351980279523,"OpenGL ES 2.0 Piglet
"
PROCESS_OUTPUT,STREAM_STDIO,102,101032,3351980304477,"OpenGL ES GLSL ES 2.0
"
PROCESS_OUTPUT,STREAM_STDIO,102,101032,3352046941935,"[SceCdlgApp] I/PSM.UI : UI system timer started!! 00:00:00.0001391"
PROCESS_OUTPUT,STREAM_STDIO,102,101032,3352047004886,"
"
PROCESS_OUTPUT,STREAM_STDIO,102,101032,3352494642380,"[SceCdlgApp] I/PSM.UI : OrbisSystemSound::Initialize()  soundEffectType:Default"
PROCESS_OUTPUT,STREAM_STDIO,102,101032,3352494699132,"
"
PROCESS_OUTPUT,STREAM_STDIO,102,101032,3352894596739,"[SceCdlgApp] I/PSM.UI : VideoOutMode   : IsSystemDefault=True, IsVr=False, IsVrLegacy=False, IsVrNative=False"
PROCESS_OUTPUT,STREAM_STDIO,102,101032,3352894929588,"
"
PROCESS_OUTPUT,STREAM_STDIO,102,101032,3352898446016,"[SceCdlgApp] I/PSM.UI : VideoOutStatus : [1920 1080] : freq 59.94"
PROCESS_OUTPUT,STREAM_STDIO,102,101032,3352898495749,"
"
PROCESS_OUTPUT,STREAM_STDIO,102,101032,3352899026245,"[SceCdlgApp] I/PSM.UI : UI RenderingSettings Resolution: Pixels2K[1920,1080]"
PROCESS_OUTPUT,STREAM_STDIO,102,101032,3352899078767,"
"
PROCESS_OUTPUT,STREAM_STDIO,102,101032,3352942099869,"[SceCdlgApp] W/PSM.UI : ** NOTICE: LoadSync : Sce.Cdlg.Framework.Plugin : Plugin"
PROCESS_OUTPUT,STREAM_STDIO,102,101032,3352942146434,"
"
PROCESS_OUTPUT,STREAM_STDIO,102,101032,3352942356241,"[SceCdlgApp] W/PSM.UI : !!!! WARNING !!!! /Application/resource/Sce.Cdlg.Framework.rco is loaded in main thread."
PROCESS_OUTPUT,STREAM_STDIO,102,101032,3352942444087,"
"
PROCESS_OUTPUT,STREAM_STDIO,102,101032,3352944676880,"GetLocaleElement() failed in SetLocale
"
PROCESS_OUTPUT,STREAM_STDIO,102,101032,3352945609454,"[SceCdlgApp] W/PSM.UI : cxml://CdlgFrameworkPlugin/tex_cdlg_bg is going to be loaded on main thread."
PROCESS_OUTPUT,STREAM_STDIO,102,101032,3352945823284,"
"
PROCESS_OUTPUT,STREAM_STDIO,102,101032,3352946148554,"[SceCdlgApp] W/PSM.UI : !!!! WARNING !!!! cxml://CdlgFrameworkPlugin/tex_cdlg_bg is loaded in main thread."
PROCESS_OUTPUT,STREAM_STDIO,102,101032,3352946533962,"
"
PROCESS_OUTPUT,STREAM_STDIO,102,101032,3352950927708,"[SceCdlgApp] W/PSM.UI : !!!! WARNING !!!! cxml://CdlgFrameworkPlugin/layout_cdlg_root is loaded in main thread."
PROCESS_OUTPUT,STREAM_STDIO,102,101032,3352951000163,"
"
PROCESS_OUTPUT,STREAM_STDIO,102,101032,3353077660707,"[SceCdlgApp] W/PSM.UI : !!!! WARNING !!!! cxml://CdlgFrameworkPlugin/layout_cdlg_bg is loaded in main thread."
PROCESS_OUTPUT,STREAM_STDIO,102,101032,3353077710657,"
"
PROCESS_OUTPUT,STREAM_STDIO,102,101032,3353167983525,"[SceCdlgApp] W/PSM.UI : WARNING : Scene LayoutBuild : [49.31msec/1widgets] : Sce.Cdlg.Framework.Plugin : Plugin"
PROCESS_OUTPUT,STREAM_STDIO,102,101032,3353169186936,"
"
PROCESS_OUTPUT,STREAM_STDIO,40,100149,3353826061866,"[SceShellCore] VM Stats: page fault 73.5 / sec, swap out 0.0 MB
"
PROCESS_OUTPUT,STREAM_STDIO,40,100149,3353828145242,"[SceShellCore] FMEM   1.2/   4.6 SceSysAvControl.elf
"
PROCESS_OUTPUT,STREAM_STDIO,40,100149,3353832738578,"[SceShellCore] FMEM   9.6/  70.8 NPXS20991 SceSysCore.elf
"
PROCESS_OUTPUT,STREAM_STDIO,40,100149,3353837947186,"[SceShellCore] FMEM   8.8/  72.0 NPXS20973 orbis_audiod.elf
"
PROCESS_OUTPUT,STREAM_STDIO,40,100149,3353838560190,"[SceShellCore] FMEM   2.5/   9.7 NPXS20976 GnmCompositor.elf
"
PROCESS_OUTPUT,STREAM_STDIO,40,100149,3353850321028,"[SceShellCore] FMEM  22.4/ 185.2 NPXS20000 SceShellCore
"
PROCESS_OUTPUT,STREAM_STDIO,40,100149,3353859889061,"[SceShellCore] FMEM  17.1/ 151.1 decid.elf
"
PROCESS_OUTPUT,STREAM_STDIO,40,100149,3353892995072,"[SceShellCore] FMEM 201.3/ 587.2 NPXS20001 SceShellUI
"
PROCESS_OUTPUT,STREAM_STDIO,40,100149,3353896596504,"[SceShellCore] FMEM  49.6/ 107.0 NPXS20001 MonoCompiler.elf
"
PROCESS_OUTPUT,STREAM_STDIO,40,100149,3353897227764,"[SceShellCore] FMEM   5.8/  11.0 NPXS21003 SceAvCapture
"
PROCESS_OUTPUT,STREAM_STDIO,40,100149,3353900239269,"[SceShellCore] FMEM   7.3/  21.6 NPXS21000 SceGameLiveStreaming
"
PROCESS_OUTPUT,STREAM_STDIO,40,100149,3353901230196,"[SceShellCore] FMEM   7.1/  19.2 NPXS21002 ScePartyDaemon
"
PROCESS_OUTPUT,STREAM_STDIO,40,100149,3353902928113,"[SceShellCore] FMEM   3.7/  25.0 NPXS21004 SceVideoCoreServer
"
PROCESS_OUTPUT,STREAM_STDIO,40,100149,3353909104939,"[SceShellCore] FMEM  15.0/  45.4 NPXS21006 SceRemotePlay
"
PROCESS_OUTPUT,STREAM_STDIO,40,100149,3353909561872,"[SceShellCore] FMEM   2.5/  10.9 NPXS21019 SceSocialScreenMgr
"
PROCESS_OUTPUT,STREAM_STDIO,40,100149,3353909872080,"[SceShellCore] FMEM   1.6/   4.6 fs_cleaner.elf
"
PROCESS_OUTPUT,STREAM_STDIO,40,100149,3353910214576,"[SceShellCore] FMEM   1.7/   9.6 NPXS20974 SceVdecProxy.elf
"
PROCESS_OUTPUT,STREAM_STDIO,40,100149,3353910671598,"[SceShellCore] FMEM   1.6/   9.5 NPXS20975 SceVencProxy.elf
"
PROCESS_OUTPUT,STREAM_STDIO,40,100149,3353918485044,"[SceShellCore] FMEM  13.1/ 134.1 NPXS20001 SecureUIProcess.self
"
PROCESS_OUTPUT,STREAM_STDIO,40,100149,3353925757867,"[SceShellCore] FMEM  21.5/ 372.5 NPXS20001 SecureWebProcess.self
"
PROCESS_OUTPUT,STREAM_STDIO,40,100149,3353932366632,"[SceShellCore] FMEM   3.6/ 342.2 NPXS20001 orbis-jsc-compiler.self
"
PROCESS_OUTPUT,STREAM_STDIO,40,100149,3353951153568,"[SceShellCore] FMEM  70.3/ 261.5 NPXS22010 SceCdlgApp
"
PROCESS_OUTPUT,STREAM_STDIO,40,100149,3353953932815,"[SceShellCore] FMEM  18.5/  94.0 NPXS22010 MonoCompiler.elf
"
PROCESS_OUTPUT,STREAM_STDIO,102,101032,3353982914811,"[SceCdlgApp] I/PSM.UI : SceneQ : Loaded[4.61msec] Layout[0.00msec/0widgets] : Noname : ContainerScene"
PROCESS_OUTPUT,STREAM_STDIO,102,101032,3353983260070,"
"
PROCESS_OUTPUT,STREAM_STDIO,102,101032,3354126525490,"[SceCdlg] setSuspend
"
PROCESS_OUTPUT,STREAM_STDIO,40,100234,3354267342045,"[SceLncService] tryLockSuspendBlock: appId={0x0b0c1009}
"
PROCESS_OUTPUT,STREAM_STDIO,40,101386,3354267956693,"[SceLncService] CALL sceApplicationSuspend(arg.appId)
"
PROCESS_OUTPUT,STREAM_STDIO,37,100144,3354268365949,"[Syscore App] Suspend App : 0xb0c1009 NPXS22010
"
PROCESS_OUTPUT,STREAM_STDIO,37,100144,3354268606036,"[Syscore App] Suspend process : 0x66
"
PROCESS_OUTPUT,STREAM_STDIO,46,100353,3354288532371,"[SceShellUI] I/PSM.UI : OnFocusActiveSceneChanged [SplashScreen : SplashScreenScene] -> [AppScreen : ApplicationScreenScene]"
PROCESS_OUTPUT,STREAM_STDIO,46,100353,3354288821408,"
"
PROCESS_OUTPUT,STREAM_STDIO,46,100353,3354289074194,"[SceShellUI] I/PSM.UI :      Scene [AppScreen : ApplicationScreenScene] : Alive"
PROCESS_OUTPUT,STREAM_STDIO,46,100353,3354289322930,"
"
PROCESS_OUTPUT,STREAM_STDIO,46,100353,3354291450510,"SetDeviceIndexBehavior: mode=MergeAllConnectedDevice, param=null"
PROCESS_OUTPUT,STREAM_STDIO,46,100353,3354291543179,"
"
PROCESS_OUTPUT,STREAM_STDIO,46,100353,3354292229760,"[Theme/I] : Apply[ANONYMOUS] : [Option:00000028]: without preloaded"
PROCESS_OUTPUT,STREAM_STDIO,46,100353,3354292266656,"
"
PROCESS_OUTPUT,STREAM_STDIO,46,100353,3354303999235,"[SceShellUI] I/PSM.UI : [NoDraw] : ClearFrameBuffer=False"
PROCESS_OUTPUT,STREAM_STDIO,46,100353,3354304138310,"
"
PROCESS_OUTPUT,STREAM_STDIO,37,100144,3354346420900,"[Syscore App] Suspend process : 0x66 => 0
"
PROCESS_OUTPUT,STREAM_STDIO,37,100144,3354346756912,"[Syscore App] Suspend process : 0x67
"
PROCESS_OUTPUT,STREAM_STDIO,37,100144,3354378294947,"[Syscore App] Suspend process : 0x67 => 0
"
PROCESS_OUTPUT,STREAM_STDIO,37,100144,3354383519219,"[AppMgr Trace]: AppId=0xb0c1009 suspended
"
PROCESS_OUTPUT,STREAM_STDIO,37,100144,3354383936325,"[Syscore App] Suspend App : 0xb0c1009 NPXS22010 => SCE_OK
"
PROCESS_OUTPUT,STREAM_STDIO,40,101386,3354384828085,"[SceLncService] CALL sceApplicationSuspend(arg.appId) has returned
"
PROCESS_OUTPUT,STREAM_STDIO,40,101394,3354385728831,"[ScreenShotServer]: UpdateAppInfo 682 SCE_LNC_EVENT_APP_SUSPENDED appId=0x0b0c1009, context=880a97de8, free=0
"
PROCESS_OUTPUT,STREAM_STDIO,40,101394,3354385764245,"MSG AutoMounter(int32_t AppIdManager::getPidWithIndex(SceApplicationId, int, pid_t *) 174):
"
PROCESS_OUTPUT,STREAM_STDIO,40,101394,3354385792999,"	appId(0xb0c1009) with index(0) is not registered.
"
PROCESS_OUTPUT,STREAM_STDIO,40,101394,3354385817631,"MSG AutoMounter(int32_t AutoMount::UsbMass::fakeEjection(SceApplicationId) 581):
"
PROCESS_OUTPUT,STREAM_STDIO,40,101394,3354385889062,"	getPidWithIndex(0xb0c1009, 0) returned 0x80f40002.
"
PROCESS_OUTPUT,STREAM_STDIO,40,100234,3354385980209,"[SceLncService] unlockSuspendBlock: appId={0x0b0c1009}
"
PROCESS_OUTPUT,STREAM_STDIO,46,100353,3355060946614,"[SceShellUI] I/PSM.UI : [FirstClear] : ClearFrameBuffer=False"
PROCESS_OUTPUT,STREAM_STDIO,46,100353,3355061019414,"
"
PROCESS_OUTPUT,STREAM_STDIO,46,100353,3364261918186,"[SceShellUI] I/PSM.UI : [NoDraw] : ClearFrameBuffer=False"
PROCESS_OUTPUT,STREAM_STDIO,46,100353,3364261984233,"
"
PROCESS_OUTPUT,STREAM_STDIO,40,100149,3369772722983,"[SceShellCore] VM Stats: page fault 100.6 / sec, swap out 0.0 MB
"
PROCESS_OUTPUT,STREAM_STDIO,40,100149,3369774224168,"[SceShellCore] FMEM   1.2/   4.6 SceSysAvControl.elf
"
PROCESS_OUTPUT,STREAM_STDIO,40,100149,3369778319369,"[SceShellCore] FMEM   9.6/  70.8 NPXS20991 SceSysCore.elf
"
PROCESS_OUTPUT,STREAM_STDIO,40,100149,3369782968792,"[SceShellCore] FMEM   8.8/  72.0 NPXS20973 orbis_audiod.elf
"
PROCESS_OUTPUT,STREAM_STDIO,40,100149,3369783383631,"[SceShellCore] FMEM   2.5/   9.7 NPXS20976 GnmCompositor.elf
"
PROCESS_OUTPUT,STREAM_STDIO,40,100149,3369795657175,"[SceShellCore] FMEM  22.4/ 185.2 NPXS20000 SceShellCore
"
PROCESS_OUTPUT,STREAM_STDIO,40,100149,3369805312666,"[SceShellCore] FMEM  17.0/ 151.0 decid.elf
"
PROCESS_OUTPUT,STREAM_STDIO,40,100149,3369837501869,"[SceShellCore] FMEM 201.3/ 587.2 NPXS20001 SceShellUI
"
PROCESS_OUTPUT,STREAM_STDIO,40,100149,3369840237047,"[SceShellCore] FMEM  49.6/ 107.0 NPXS20001 MonoCompiler.elf
"
PROCESS_OUTPUT,STREAM_STDIO,40,100149,3369840590468,"[SceShellCore] FMEM   5.8/  11.0 NPXS21003 SceAvCapture
"
PROCESS_OUTPUT,STREAM_STDIO,40,100149,3369841993772,"[SceShellCore] FMEM   7.3/  21.6 NPXS21000 SceGameLiveStreaming
"
PROCESS_OUTPUT,STREAM_STDIO,40,100149,3369843680395,"[SceShellCore] FMEM   7.1/  19.2 NPXS21002 ScePartyDaemon
"
PROCESS_OUTPUT,STREAM_STDIO,40,100149,3369845086685,"[SceShellCore] FMEM   3.7/  25.0 NPXS21004 SceVideoCoreServer
"
PROCESS_OUTPUT,STREAM_STDIO,40,100149,3369848261243,"[SceShellCore] FMEM  15.0/  45.4 NPXS21006 SceRemotePlay
"
PROCESS_OUTPUT,STREAM_STDIO,40,100149,3369848421347,"[SceShellCore] FMEM   2.5/  10.9 NPXS21019 SceSocialScreenMgr
"
PROCESS_OUTPUT,STREAM_STDIO,40,100149,3369848498655,"[SceShellCore] FMEM   1.6/   4.6 fs_cleaner.elf
"
PROCESS_OUTPUT,STREAM_STDIO,40,100149,3369848740367,"[SceShellCore] FMEM   1.7/   9.6 NPXS20974 SceVdecProxy.elf
"
PROCESS_OUTPUT,STREAM_STDIO,40,100149,3369848881964,"[SceShellCore] FMEM   1.6/   9.5 NPXS20975 SceVencProxy.elf
"
PROCESS_OUTPUT,STREAM_STDIO,40,100149,3369853514213,"[SceShellCore] FMEM  13.1/ 134.1 NPXS20001 SecureUIProcess.self
"
PROCESS_OUTPUT,STREAM_STDIO,40,100149,3369858277084,"[SceShellCore] FMEM  21.5/ 372.5 NPXS20001 SecureWebProcess.self
"
PROCESS_OUTPUT,STREAM_STDIO,40,100149,3369861367103,"[SceShellCore] FMEM   3.6/ 342.2 NPXS20001 orbis-jsc-compiler.self
"
PROCESS_OUTPUT,STREAM_STDIO,40,100149,3369873783693,"[SceShellCore] FMEM  71.6/ 262.7 NPXS22010 SceCdlgApp
"
PROCESS_OUTPUT,STREAM_STDIO,40,100149,3369875261997,"[SceShellCore] FMEM  19.6/  94.0 NPXS22010 MonoCompiler.elf
"
PROCESS_OUTPUT,STREAM_STDIO,101,101340,3374146540650,"Forcing submitDone to avoid TRC R4089 breach
"
PROCESS_OUTPUT,STREAM_STDIO,40,100224,3375151724531,"[SystemLogger][07:54:28:617][Thread 0x00018780][INFO][TRACE][ALWAYS][MAIN STREAM BEGIN][Heap]sanity OK, free 3236640 (62%), in-"
PROCESS_OUTPUT,STREAM_STDIO,40,100224,3375151816651,"use 2006240 (38%), peak 2040384 (39%), when 2115 [sec]
"
PROCESS_OUTPUT,STREAM_STDIO,40,100224,3375797964122,"[SystemLogger][07:54:29:022][Thread 0x00018780][INFO][TRACE][ALWAYS][MAIN STREAM END  ][Heap]sanity OK, free 3236320 (62%), in-"
PROCESS_OUTPUT,STREAM_STDIO,40,100224,3375798083261,"use 2006560 (38%), peak 2040384 (39%), when 2115 [sec]
"
PROCESS_OUTPUT,STREAM_STDIO,40,100149,3393750615245,"[SceShellCore] Libc Heap Status: free 62%, in-use 1959.5 KB, trend +56.7 KB/min, peak 1992.6 KB, when 2117 [sec]
"
PROCESS_OUTPUT,STREAM_STDIO,46,100353,3472503951802,"[SceShellUI] I/PSM.UI : UI system timer elapsed 00:41:00"
PROCESS_OUTPUT,STREAM_STDIO,46,100353,3472504045440,"
"
PROCESS_OUTPUT,STREAM_STDIO,40,100149,3535543064482,"[SceShellCore] Libc Heap Status: free 62%, in-use 1959.4 KB, trend -0.1 KB/min, peak 1992.6 KB, when 2206 [sec]
"
PROCESS_OUTPUT,STREAM_STDIO,40,100149,3584904850246,"[SceShellCore] Libc Heap Status: free 62%, in-use 1959.5 KB, trend +0.0 KB/min, peak 1992.6 KB, when 2237 [sec]
"
PROCESS_OUTPUT,STREAM_STDIO,40,100149,3729908619029,"[SceShellCore] Libc Heap Status: free 62%, in-use 1959.4 KB, trend -0.1 KB/min, peak 1992.6 KB, when 2328 [sec]
"
PROCESS_OUTPUT,STREAM_STDIO,40,100149,3779437058757,"[SceShellCore] Libc Heap Status: free 62%, in-use 1959.5 KB, trend +0.0 KB/min, peak 1992.6 KB, when 2359 [sec]
"
PROCESS_OUTPUT,STREAM_STDIO,40,100224,3853749651753,"[SystemLogger][07:59:28:914][Thread 0x00018780][INFO][TRACE][ALWAYS][MAIN STREAM BEGIN][Heap]sanity OK, free 3236320 (62%), in-"
PROCESS_OUTPUT,STREAM_STDIO,40,100224,3853749756586,"use 2006560 (38%), peak 2040384 (39%), when 2415 [sec]
"
PROCESS_OUTPUT,STREAM_STDIO,40,100149,3854288942905,"[SceShellCore] Libc Heap Status: free 62%, in-use 1960.5 KB, trend +1.0 KB/min, peak 1992.6 KB, when 2406 [sec]
"
PROCESS_OUTPUT,STREAM_STDIO,40,100224,3854413158812,"[SystemLogger][07:59:29:331][Thread 0x00018780][INFO][TRACE][ALWAYS][MAIN STREAM END  ][Heap]sanity OK, free 3236032 (62%), in-"
PROCESS_OUTPUT,STREAM_STDIO,40,100224,3854413239008,"use 2006848 (38%), peak 2040384 (39%), when 2416 [sec]
"
PROCESS_OUTPUT,STREAM_STDIO,40,100149,3903640888184,"[SceShellCore] Libc Heap Status: free 62%, in-use 1959.8 KB, trend +0.3 KB/min, peak 1992.6 KB, when 2437 [sec]
"
PROCESS_OUTPUT,STREAM_STDIO,40,100149,3944293229531,"[SceSystemStateMgr] No user input for 60 seconds
"
PROCESS_OUTPUT,STREAM_STDIO,46,100353,3950635495050,"[SceShellUI] I/PSM.UI : UI system timer elapsed 00:46:00"
PROCESS_OUTPUT,STREAM_STDIO,46,100353,3950635560008,"
"
PROCESS_OUTPUT,STREAM_STDIO,40,100149,4023187779676,"[SceShellCore] Libc Heap Status: free 62%, in-use 1959.7 KB, trend -0.1 KB/min, peak 1992.6 KB, when 2512 [sec]
"
PROCESS_OUTPUT,STREAM_STDIO,40,100149,4072548849339,"[SceShellCore] Libc Heap Status: free 62%, in-use 1959.8 KB, trend +0.0 KB/min, peak 1992.6 KB, when 2543 [sec]
"
PROCESS_OUTPUT,STREAM_STDIO,40,100149,4135625568360,"[SceSystemStateMgr] No user input for 180 seconds
"
PROCESS_OUTPUT,STREAM_STDIO,40,100149,4217573699671,"[SceShellCore] Libc Heap Status: free 62%, in-use 1959.7 KB, trend -0.1 KB/min, peak 1992.6 KB, when 2634 [sec]
"
PROCESS_OUTPUT,STREAM_STDIO,40,100149,4267088184463,"[SceShellCore] Libc Heap Status: free 62%, in-use 1959.8 KB, trend +0.0 KB/min, peak 1992.6 KB, when 2665 [sec]
"
PROCESS_OUTPUT,STREAM_STDIO,40,100224,4332482787981,"[SystemLogger][08:04:29:297][Thread 0x00018780][INFO][TRACE][ALWAYS][MAIN STREAM BEGIN][Heap]sanity OK, free 3236032 (62%), in-"
PROCESS_OUTPUT,STREAM_STDIO,40,100224,4332482855610,"use 2006848 (38%), peak 2040384 (39%), when 2716 [sec]
"
PROCESS_OUTPUT,STREAM_STDIO,40,100224,4333130530254,"[SystemLogger][08:04:29:703][Thread 0x00018780][INFO][TRACE][ALWAYS][MAIN STREAM END  ][Heap]sanity OK, free 3235712 (62%), in-"
PROCESS_OUTPUT,STREAM_STDIO,40,100224,4333130623724,"use 2007168 (38%), peak 2040384 (39%), when 2716 [sec]
"
PROCESS_OUTPUT,STREAM_STDIO,40,100149,4334036687190,"[SceShellCore] Libc Heap Status: free 62%, in-use 1960.1 KB, trend +0.3 KB/min, peak 1992.6 KB, when 2707 [sec]
"
PROCESS_OUTPUT,STREAM_STDIO,40,100149,4412103127403,"[SceShellCore] Libc Heap Status: free 62%, in-use 1960.0 KB, trend +0.2 KB/min, peak 1992.6 KB, when 2756 [sec]
"
PROCESS_OUTPUT,STREAM_STDIO,46,100353,4428766182003,"[SceShellUI] I/PSM.UI : UI system timer elapsed 00:51:00"
PROCESS_OUTPUT,STREAM_STDIO,46,100353,4428766263709,"
"
PROCESS_OUTPUT,STREAM_STDIO,40,100149,4461470781447,"[SceShellCore] Libc Heap Status: free 62%, in-use 1960.1 KB, trend +0.0 KB/min, peak 1992.6 KB, when 2787 [sec]
"
PROCESS_OUTPUT,STREAM_STDIO,40,100149,4518087855250,"[SceSystemStateMgr] No user input for 420 seconds
"
PROCESS_OUTPUT,STREAM_STDIO,40,100149,4606486234488,"[SceShellCore] Libc Heap Status: free 62%, in-use 1960.0 KB, trend -0.1 KB/min, peak 1992.6 KB, when 2878 [sec]
"
PROCESS_OUTPUT,STREAM_STDIO,40,100149,4655852267957,"[SceShellCore] Libc Heap Status: free 62%, in-use 1960.1 KB, trend +0.0 KB/min, peak 1992.6 KB, when 2909 [sec]
"
PROCESS_OUTPUT,STREAM_STDIO,40,100149,4801032931912,"[SceShellCore] Libc Heap Status: free 62%, in-use 1960.0 KB, trend -0.1 KB/min, peak 1992.6 KB, when 3000 [sec]
"
PROCESS_OUTPUT,STREAM_STDIO,40,100224,4811231409003,"[SystemLogger][08:09:29:689][Thread 0x00018780][INFO][TRACE][ALWAYS][MAIN STREAM BEGIN][Heap]sanity OK, free 3235712 (62%), in-"
PROCESS_OUTPUT,STREAM_STDIO,40,100224,4811231587998,"use 2007168 (38%), peak 2040384 (39%), when 3016 [sec]
"
PROCESS_OUTPUT,STREAM_STDIO,40,100224,4811901386642,"[SystemLogger][08:09:30:110][Thread 0x00018780][INFO][TRACE][ALWAYS][MAIN STREAM END  ][Heap]sanity OK, free 3235424 (62%), in-"
PROCESS_OUTPUT,STREAM_STDIO,40,100224,4811901481307,"use 2007456 (38%), peak 2040384 (39%), when 3016 [sec]
"
PROCESS_OUTPUT,STREAM_STDIO,40,100149,4850396600165,"[SceShellCore] Libc Heap Status: free 62%, in-use 1960.4 KB, trend +0.3 KB/min, peak 1992.6 KB, when 3031 [sec]
"
PROCESS_OUTPUT,STREAM_STDIO,46,100353,4906897909956,"[SceShellUI] I/PSM.UI : UI system timer elapsed 00:56:00"
PROCESS_OUTPUT,STREAM_STDIO,46,100353,4906897983877,"
"
PROCESS_OUTPUT,STREAM_STDIO,40,100149,4995414330334,"[SceShellCore] Libc Heap Status: free 62%, in-use 1960.3 KB, trend -0.1 KB/min, peak 1992.6 KB, when 3122 [sec]
"
PROCESS_OUTPUT,STREAM_STDIO,40,100149,5044778670395,"[SceShellCore] Libc Heap Status: free 62%, in-use 1960.4 KB, trend +0.0 KB/min, peak 1992.6 KB, when 3153 [sec]
"
PROCESS_OUTPUT,STREAM_STDIO,40,100149,5189806683170,"[SceShellCore] Libc Heap Status: free 62%, in-use 1960.3 KB, trend -0.1 KB/min, peak 1992.6 KB, when 3244 [sec]
"
PROCESS_OUTPUT,STREAM_STDIO,40,100149,5239171019466,"[SceShellCore] Libc Heap Status: free 62%, in-use 1960.4 KB, trend +0.0 KB/min, peak 1992.6 KB, when 3275 [sec]
"
PROCESS_OUTPUT,STREAM_STDIO,40,100149,5283039555313,"[SceSystemStateMgr] No user input for 900 seconds
"
PROCESS_OUTPUT,STREAM_STDIO,40,100224,5289958965943,"[SystemLogger][08:14:30:068][Thread 0x00018780][INFO][TRACE][ALWAYS][MAIN STREAM BEGIN][Heap]sanity OK, free 3235424 (62%), in-"
PROCESS_OUTPUT,STREAM_STDIO,40,100224,5289959032946,"use 2007456 (38%), peak 2040384 (39%), when 3316 [sec]
"
PROCESS_OUTPUT,STREAM_STDIO,40,100149,5290298424065,"[SceShellCore] Libc Heap Status: free 62%, in-use 1961.4 KB, trend +1.0 KB/min, peak 1992.6 KB, when 3307 [sec]
"
PROCESS_OUTPUT,STREAM_STDIO,40,100224,5290605078447,"[SystemLogger][08:14:30:474][Thread 0x00018780][INFO][TRACE][ALWAYS][MAIN STREAM END  ][Heap]sanity OK, free 3235104 (62%), in-"
PROCESS_OUTPUT,STREAM_STDIO,40,100224,5290605159364,"use 2007776 (38%), peak 2040384 (39%), when 3317 [sec]
"
PROCESS_OUTPUT,STREAM_STDIO,40,100149,5339651904013,"[SceShellCore] Libc Heap Status: free 62%, in-use 1960.7 KB, trend +0.3 KB/min, peak 1992.6 KB, when 3338 [sec]
"
PROCESS_OUTPUT,STREAM_STDIO,46,100353,5385028445848,"[SceShellUI] I/PSM.UI : UI system timer elapsed 01:01:00"
PROCESS_OUTPUT,STREAM_STDIO,46,100353,5385028522147,"
"
PROCESS_OUTPUT,STREAM_STDIO,40,100149,5483055623149,"[SceShellCore] Libc Heap Status: free 62%, in-use 1960.6 KB, trend -0.1 KB/min, peak 1992.6 KB, when 3428 [sec]
"
PROCESS_OUTPUT,STREAM_STDIO,40,100149,5532423417533,"[SceShellCore] Libc Heap Status: free 62%, in-use 1960.7 KB, trend +0.0 KB/min, peak 1992.6 KB, when 3459 [sec]
"
PROCESS_OUTPUT,STREAM_STDIO,40,100149,5677580279766,"[SceShellCore] Libc Heap Status: free 62%, in-use 1960.6 KB, trend -0.1 KB/min, peak 1992.6 KB, when 3550 [sec]
"
PROCESS_OUTPUT,STREAM_STDIO,40,100149,5726949642718,"[SceShellCore] Libc Heap Status: free 62%, in-use 1960.7 KB, trend +0.0 KB/min, peak 1992.6 KB, when 3581 [sec]
"
PROCESS_OUTPUT,STREAM_STDIO,40,100224,5768700994126,"[SystemLogger][08:19:30:456][Thread 0x00018780][INFO][TRACE][ALWAYS][MAIN STREAM BEGIN][Heap]sanity OK, free 3235104 (62%), in-"
PROCESS_OUTPUT,STREAM_STDIO,40,100224,5768701090925,"use 2007776 (38%), peak 2040384 (39%), when 3617 [sec]
"
PROCESS_OUTPUT,STREAM_STDIO,40,100224,5769357438650,"[SystemLogger][08:19:30:868][Thread 0x00018780][INFO][TRACE][ALWAYS][MAIN STREAM END  ][Heap]sanity OK, free 3234816 (62%), in-"
PROCESS_OUTPUT,STREAM_STDIO,40,100224,5769357499565,"use 2008064 (38%), peak 2040384 (39%), when 3617 [sec]
"
PROCESS_OUTPUT,STREAM_STDIO,40,100149,5776309578045,"[SceShellCore] Libc Heap Status: free 62%, in-use 1961.0 KB, trend +0.3 KB/min, peak 1992.6 KB, when 3612 [sec]
"
PROCESS_OUTPUT,STREAM_STDIO,46,100353,5863159856360,"[SceShellUI] I/PSM.UI : UI system timer elapsed 01:06:00"
PROCESS_OUTPUT,STREAM_STDIO,46,100353,5863159947183,"
"
PROCESS_OUTPUT,STREAM_STDIO,40,100149,5871966830082,"[SceShellCore] Libc Heap Status: free 62%, in-use 1960.9 KB, trend -0.1 KB/min, peak 1992.6 KB, when 3672 [sec]
"
PROCESS_OUTPUT,STREAM_STDIO,40,100149,5921318488695,"[SceShellCore] Libc Heap Status: free 62%, in-use 1961.0 KB, trend +0.0 KB/min, peak 1992.6 KB, when 3703 [sec]
"
PROCESS_OUTPUT,STREAM_STDIO,46,100431,6042808684465,"Mono-SceHttp (http): pool=4194304, maxInUse=11296 (0.269318%), currentInUse=4160 (0.0991821%)
"
PROCESS_OUTPUT,STREAM_STDIO,46,100431,6042809156755,"Mono-SceHttp  (ssl): pool=4194304, maxInUse=31648 (0.754547%), currentInUse=31648 (0.754547%)
"
PROCESS_OUTPUT,STREAM_STDIO,40,100149,6066336204726,"[SceShellCore] Libc Heap Status: free 62%, in-use 1960.9 KB, trend -0.1 KB/min, peak 1992.6 KB, when 3794 [sec]
"
PROCESS_OUTPUT,STREAM_STDIO,37,100127,6097891741391,"* removeDevice:L1082 [MBUS] Receive device disconnect event.(deviceId=0x3030d)
"
PROCESS_OUTPUT,STREAM_STDIO,37,100127,6097892521355,"@ checkAudioOutHandleStatus:L2484
"
PROCESS_OUTPUT,STREAM_STDIO,37,100127,6097893865554,"* removeDevice:L1082 [MBUS] Receive device disconnect event.(deviceId=0x4030c)
"
PROCESS_OUTPUT,STREAM_STDIO,37,100127,6097894459968,"@ checkAudioOutHandleStatus:L2484
"
PROCESS_OUTPUT,STREAM_STDIO,37,100127,6097895544546,"* removeDevice:L1082 [MBUS] Receive device disconnect event.(deviceId=0x5030b)
"
PROCESS_OUTPUT,STREAM_STDIO,37,100127,6097896228420,"@ checkAudioOutHandleStatus:L2484
"
PROCESS_OUTPUT,STREAM_STDIO,46,100407,6097902811671,"ScePsP[TID:0x18837]: sceMbusEvent has been received. (eventId=2 REMOVED, deviceId=0x3030d)
"
PROCESS_OUTPUT,STREAM_STDIO,46,100407,6097904675026,"ScePsP[TID:0x18837]: Close Pad [0x03020301]: ret=0x00000000
"
PROCESS_OUTPUT,STREAM_STDIO,46,100407,6097905048300,"ScePsP[TID:0x18837]: Close Pad [0x03030302]: ret=0x00000000
"
PROCESS_OUTPUT,STREAM_STDIO,46,100407,6097905518412,"ScePsP[TID:0x18837]: Close Pad [0x03040303]: ret=0x00000000
"
PROCESS_OUTPUT,STREAM_STDIO,46,100407,6097905779696,"ScePsP[TID:0x18837]: ConnectedDeviceStatus: count=1
"
PROCESS_OUTPUT,STREAM_STDIO,46,100407,6097905967108,"  [c][DeviceId          ][UserId    ][Model     ]
"
PROCESS_OUTPUT,STREAM_STDIO,46,100407,6097905994248,"  [ ][0xffffffffffffffff][0xffffffff][none      ]
"
PROCESS_OUTPUT,STREAM_STDIO,46,100407,6097906203918,"  [ ][0xffffffffffffffff][0xffffffff][none      ]
"
PROCESS_OUTPUT,STREAM_STDIO,46,100407,6097906475790,"  [ ][0xffffffffffffffff][0xffffffff][none      ]
"
PROCESS_OUTPUT,STREAM_STDIO,46,100407,6097906726064,"  [ ][0xffffffffffffffff][0xffffffff][none      ]
"
PROCESS_OUTPUT,STREAM_STDIO,46,100612,6097907508615,"#LOGIN MGR# Receive Event : SCE_MBUS_EVENT_DEVICE_REMOVED [DeviceId:0x3030d][SubType:2][REASON:0]
"
PROCESS_OUTPUT,STREAM_STDIO,46,100453,6097907754041,"#LOGIN MGR# : \event_thread.cpp(180) : Run : Event Received : SCE_LOGIN_MGR_EVENT_DEVICE_REMOVED
"
PROCESS_OUTPUT,STREAM_STDIO,46,100612,6097908583291,"#LOGIN MGR# [OnDeviceRemoved] deviceId : 0x3030d / ret : 0(0x00000000) / userId : 0x10000000 / reason : 0 
"
PROCESS_OUTPUT,STREAM_STDIO,46,100407,6097929868233,"ScePsP[TID:0x18837]: sceMbusEvent has been received. (eventId=2 REMOVED, deviceId=0x4030c)
"
PROCESS_OUTPUT,STREAM_STDIO,46,100612,6097931549603,"#LOGIN MGR# Receive Event : SCE_MBUS_EVENT_DEVICE_REMOVED [DeviceId:0x4030c][SubType:2][REASON:0]
"
PROCESS_OUTPUT,STREAM_STDIO,46,100453,6097931992428,"#LOGIN MGR# : \event_thread.cpp(180) : Run : Event Received : SCE_LOGIN_MGR_EVENT_DEVICE_REMOVED
"
PROCESS_OUTPUT,STREAM_STDIO,46,100612,6097933445205,"#LOGIN MGR# [OnDeviceRemoved] deviceId : 0x4030c / ret : 0(0x00000000) / userId : 0x10000001 / reason : 0 
"
PROCESS_OUTPUT,STREAM_STDIO,46,100407,6097958432639,"ScePsP[TID:0x18837]: sceMbusEvent has been received. (eventId=2 REMOVED, deviceId=0x5030b)
"
PROCESS_OUTPUT,STREAM_STDIO,46,100612,6097960572074,"#LOGIN MGR# Receive Event : SCE_MBUS_EVENT_DEVICE_REMOVED [DeviceId:0x5030b][SubType:2][REASON:0]
"
PROCESS_OUTPUT,STREAM_STDIO,46,100453,6097960971398,"#LOGIN MGR# : \event_thread.cpp(180) : Run : Event Received : SCE_LOGIN_MGR_EVENT_DEVICE_REMOVED
"
PROCESS_OUTPUT,STREAM_STDIO,46,100612,6097968040793,"#LOGIN MGR# [OnDeviceRemoved] deviceId : 0x5030b / ret : 0(0x00000000) / userId : 0x20000008 / reason : 0 
"
PROCESS_OUTPUT,STREAM_STDIO,46,100487,6098165783824,"[ProfileCacheManager] JobUpdate.Run(0x10000000, Normal)"
PROCESS_OUTPUT,STREAM_STDIO,46,100487,6098166238184,"
"
PROCESS_OUTPUT,STREAM_STDIO,46,100353,6098214281486,"[ProfileCacheManager] JobUpdate.Finish(0x10000000)"
PROCESS_OUTPUT,STREAM_STDIO,46,100353,6098214343395,"
"
PROCESS_OUTPUT,STREAM_STDIO,46,100353,6098584361538,"[SceShellUI] I/PSM.UI : [FirstClear] : ClearFrameBuffer=False"
PROCESS_OUTPUT,STREAM_STDIO,46,100353,6098585032922,"
"
KERNEL_OUTPUT,STREAM_KERNEL0,0,0,6100990890079,"<118>* [AvSetting update:323] **no need to change**
"
PROCESS_OUTPUT,STREAM_STDIO,46,100353,6104594643762,"[SceShellUI] I/PSM.UI : [NoDraw] : ClearFrameBuffer=False"
PROCESS_OUTPUT,STREAM_STDIO,46,100353,6104594935384,"
"
PROCESS_OUTPUT,STREAM_STDIO,46,100487,6104690576664,"[ProfileCacheManager] JobUpdate.Run(0x10000001, Normal)"
PROCESS_OUTPUT,STREAM_STDIO,46,100487,6104690670994,"
"
PROCESS_OUTPUT,STREAM_STDIO,46,100353,6104727438413,"[ProfileCacheManager] JobUpdate.Finish(0x10000001)"
PROCESS_OUTPUT,STREAM_STDIO,46,100353,6104727523287,"
"
PROCESS_OUTPUT,STREAM_STDIO,46,100353,6104728374855,"[SceShellUI] I/PSM.UI : [FirstClear] : ClearFrameBuffer=False"
PROCESS_OUTPUT,STREAM_STDIO,46,100353,6104728630535,"
"
